2018-09-08 16:28:57.913  INFO 4708 --- [main] c.r.monitoring.MonitoringApplication     : Starting MonitoringApplication on DESKTOP-P5AA2OM with PID 4708 (F:\ideaProject\monitoring\target\classes started by wangz in F:\ideaProject\monitoring)
2018-09-08 16:28:57.913  INFO 4708 --- [main] c.r.monitoring.MonitoringApplication     : No active profile set, falling back to default profiles: default
2018-09-08 16:28:58.320  INFO 4708 --- [main] ConfigServletWebServerApplicationContext : Refreshing org.springframework.boot.web.servlet.context.AnnotationConfigServletWebServerApplicationContext@7d3e8655: startup date [Sat Sep 08 16:28:58 CST 2018]; root of context hierarchy
2018-09-08 16:29:01.924  INFO 4708 --- [main] trationDelegate$BeanPostProcessorChecker : Bean 'org.springframework.transaction.annotation.ProxyTransactionManagementConfiguration' of type [org.springframework.transaction.annotation.ProxyTransactionManagementConfiguration$$EnhancerBySpringCGLIB$$6b059d34] is not eligible for getting processed by all BeanPostProcessors (for example: not eligible for auto-proxying)
2018-09-08 16:29:03.107  INFO 4708 --- [main] o.s.b.w.embedded.tomcat.TomcatWebServer  : Tomcat initialized with port(s): 8080 (http)
2018-09-08 16:29:03.138  INFO 4708 --- [main] o.apache.catalina.core.StandardService   : Starting service [Tomcat]
2018-09-08 16:29:03.138  INFO 4708 --- [main] org.apache.catalina.core.StandardEngine  : Starting Servlet Engine: Apache Tomcat/8.5.32
2018-09-08 16:29:03.154  INFO 4708 --- [localhost-startStop-1] o.a.catalina.core.AprLifecycleListener   : The APR based Apache Tomcat Native library which allows optimal performance in production environments was not found on the java.library.path: [C:\Program Files\Java\jdk1.8.0_112\bin;C:\Windows\Sun\Java\bin;C:\Windows\system32;C:\Windows;G:\python\;G:\python\Scripts;D:\python\;D:\python\Scripts;C:\ProgramData\Oracle\Java\javapath;C:\Windows\system32;C:\Windows;C:\Windows\System32\Wbem;C:\Windows\System32\WindowsPowerShell\v1.0\;C:\Program Files\Java\jdk1.8.0_112\bin;C:\Program Files\Java\jdk1.8.0_112\jre\bin;?;C:\Program Files (x86)\GtkSharp\2.12\bin;D:\Git\cmd;C:\Users\wangz\AppData\Local\Microsoft\WindowsApps;;.]
2018-09-08 16:29:03.613  INFO 4708 --- [localhost-startStop-1] org.apache.jasper.servlet.TldScanner     : At least one JAR was scanned for TLDs yet contained no TLDs. Enable debug logging for this logger for a complete list of JARs that were scanned but no TLDs were found in them. Skipping unneeded JARs during scanning can improve startup time and JSP compilation time.
2018-09-08 16:29:03.629  INFO 4708 --- [localhost-startStop-1] o.a.c.c.C.[Tomcat].[localhost].[/]       : Initializing Spring embedded WebApplicationContext
2018-09-08 16:29:03.629  INFO 4708 --- [localhost-startStop-1] o.s.web.context.ContextLoader            : Root WebApplicationContext: initialization completed in 5309 ms
2018-09-08 16:29:05.138  INFO 4708 --- [localhost-startStop-1] o.s.b.w.servlet.FilterRegistrationBean   : Mapping filter: 'characterEncodingFilter' to: [/*]
2018-09-08 16:29:05.138  INFO 4708 --- [localhost-startStop-1] o.s.b.w.servlet.FilterRegistrationBean   : Mapping filter: 'webMvcMetricsFilter' to: [/*]
2018-09-08 16:29:05.138  INFO 4708 --- [localhost-startStop-1] o.s.b.w.servlet.FilterRegistrationBean   : Mapping filter: 'hiddenHttpMethodFilter' to: [/*]
2018-09-08 16:29:05.138  INFO 4708 --- [localhost-startStop-1] o.s.b.w.servlet.FilterRegistrationBean   : Mapping filter: 'httpPutFormContentFilter' to: [/*]
2018-09-08 16:29:05.138  INFO 4708 --- [localhost-startStop-1] o.s.b.w.servlet.FilterRegistrationBean   : Mapping filter: 'requestContextFilter' to: [/*]
2018-09-08 16:29:05.138  INFO 4708 --- [localhost-startStop-1] o.s.b.w.servlet.FilterRegistrationBean   : Mapping filter: 'httpTraceFilter' to: [/*]
2018-09-08 16:29:05.138  INFO 4708 --- [localhost-startStop-1] o.s.b.w.servlet.FilterRegistrationBean   : Mapping filter: 'webStatFilter' to urls: [/*]
2018-09-08 16:29:05.138  INFO 4708 --- [localhost-startStop-1] o.s.b.w.servlet.ServletRegistrationBean  : Servlet statViewServlet mapped to [/druid/*]
2018-09-08 16:29:05.138  INFO 4708 --- [localhost-startStop-1] o.s.b.w.servlet.ServletRegistrationBean  : Servlet dispatcherServlet mapped to [/]
2018-09-08 16:29:05.669  INFO 4708 --- [main] com.alibaba.druid.pool.DruidDataSource   : {dataSource-1} inited
2018-09-08 16:29:06.260  INFO 4708 --- [main] j.LocalContainerEntityManagerFactoryBean : Building JPA container EntityManagerFactory for persistence unit 'default'
2018-09-08 16:29:06.338  INFO 4708 --- [main] o.hibernate.jpa.internal.util.LogHelper  : HHH000204: Processing PersistenceUnitInfo [
	name: default
	...]
2018-09-08 16:29:06.838  INFO 4708 --- [main] org.hibernate.Version                    : HHH000412: Hibernate Core {5.2.17.Final}
2018-09-08 16:29:06.838  INFO 4708 --- [main] org.hibernate.cfg.Environment            : HHH000206: hibernate.properties not found
2018-09-08 16:29:07.066  INFO 4708 --- [main] o.hibernate.annotations.common.Version   : HCANN000001: Hibernate Commons Annotations {5.0.1.Final}
2018-09-08 16:29:07.550  INFO 4708 --- [main] org.hibernate.dialect.Dialect            : HHH000400: Using dialect: org.hibernate.dialect.MySQL5Dialect
2018-09-08 16:29:08.088  WARN 4708 --- [main] ConfigServletWebServerApplicationContext : Exception encountered during context initialization - cancelling refresh attempt: org.springframework.beans.factory.BeanCreationException: Error creating bean with name 'entityManagerFactory' defined in class path resource [org/springframework/boot/autoconfigure/orm/jpa/HibernateJpaConfiguration.class]: Invocation of init method failed; nested exception is javax.persistence.PersistenceException: [PersistenceUnit: default] Unable to build Hibernate SessionFactory; nested exception is org.hibernate.MappingException: Could not determine type for: java.util.List, at table: equiptment, for columns: [org.hibernate.mapping.Column(elements)]
2018-09-08 16:29:08.104  INFO 4708 --- [main] com.alibaba.druid.pool.DruidDataSource   : {dataSource-1} closed
2018-09-08 16:29:08.104  INFO 4708 --- [main] o.apache.catalina.core.StandardService   : Stopping service [Tomcat]
2018-09-08 16:29:08.119  INFO 4708 --- [main] ConditionEvaluationReportLoggingListener : 

Error starting ApplicationContext. To display the conditions report re-run your application with 'debug' enabled.
2018-09-08 16:29:08.166 ERROR 4708 --- [main] o.s.boot.SpringApplication               : Application run failed

org.springframework.beans.factory.BeanCreationException: Error creating bean with name 'entityManagerFactory' defined in class path resource [org/springframework/boot/autoconfigure/orm/jpa/HibernateJpaConfiguration.class]: Invocation of init method failed; nested exception is javax.persistence.PersistenceException: [PersistenceUnit: default] Unable to build Hibernate SessionFactory; nested exception is org.hibernate.MappingException: Could not determine type for: java.util.List, at table: equiptment, for columns: [org.hibernate.mapping.Column(elements)]
	at org.springframework.beans.factory.support.AbstractAutowireCapableBeanFactory.initializeBean(AbstractAutowireCapableBeanFactory.java:1699) ~[spring-beans-5.0.8.RELEASE.jar:5.0.8.RELEASE]
	at org.springframework.beans.factory.support.AbstractAutowireCapableBeanFactory.doCreateBean(AbstractAutowireCapableBeanFactory.java:573) ~[spring-beans-5.0.8.RELEASE.jar:5.0.8.RELEASE]
	at org.springframework.beans.factory.support.AbstractAutowireCapableBeanFactory.createBean(AbstractAutowireCapableBeanFactory.java:495) ~[spring-beans-5.0.8.RELEASE.jar:5.0.8.RELEASE]
	at org.springframework.beans.factory.support.AbstractBeanFactory.lambda$doGetBean$0(AbstractBeanFactory.java:317) ~[spring-beans-5.0.8.RELEASE.jar:5.0.8.RELEASE]
	at org.springframework.beans.factory.support.DefaultSingletonBeanRegistry.getSingleton(DefaultSingletonBeanRegistry.java:222) ~[spring-beans-5.0.8.RELEASE.jar:5.0.8.RELEASE]
	at org.springframework.beans.factory.support.AbstractBeanFactory.doGetBean(AbstractBeanFactory.java:315) ~[spring-beans-5.0.8.RELEASE.jar:5.0.8.RELEASE]
	at org.springframework.beans.factory.support.AbstractBeanFactory.getBean(AbstractBeanFactory.java:199) ~[spring-beans-5.0.8.RELEASE.jar:5.0.8.RELEASE]
	at org.springframework.context.support.AbstractApplicationContext.getBean(AbstractApplicationContext.java:1089) ~[spring-context-5.0.8.RELEASE.jar:5.0.8.RELEASE]
	at org.springframework.context.support.AbstractApplicationContext.finishBeanFactoryInitialization(AbstractApplicationContext.java:859) ~[spring-context-5.0.8.RELEASE.jar:5.0.8.RELEASE]
	at org.springframework.context.support.AbstractApplicationContext.refresh(AbstractApplicationContext.java:550) ~[spring-context-5.0.8.RELEASE.jar:5.0.8.RELEASE]
	at org.springframework.boot.web.servlet.context.ServletWebServerApplicationContext.refresh(ServletWebServerApplicationContext.java:140) ~[spring-boot-2.0.4.RELEASE.jar:2.0.4.RELEASE]
	at org.springframework.boot.SpringApplication.refresh(SpringApplication.java:762) [spring-boot-2.0.4.RELEASE.jar:2.0.4.RELEASE]
	at org.springframework.boot.SpringApplication.refreshContext(SpringApplication.java:398) [spring-boot-2.0.4.RELEASE.jar:2.0.4.RELEASE]
	at org.springframework.boot.SpringApplication.run(SpringApplication.java:330) [spring-boot-2.0.4.RELEASE.jar:2.0.4.RELEASE]
	at org.springframework.boot.SpringApplication.run(SpringApplication.java:1258) [spring-boot-2.0.4.RELEASE.jar:2.0.4.RELEASE]
	at org.springframework.boot.SpringApplication.run(SpringApplication.java:1246) [spring-boot-2.0.4.RELEASE.jar:2.0.4.RELEASE]
	at com.runcheck.monitoring.MonitoringApplication.main(MonitoringApplication.java:10) [classes/:na]
Caused by: javax.persistence.PersistenceException: [PersistenceUnit: default] Unable to build Hibernate SessionFactory; nested exception is org.hibernate.MappingException: Could not determine type for: java.util.List, at table: equiptment, for columns: [org.hibernate.mapping.Column(elements)]
	at org.springframework.orm.jpa.AbstractEntityManagerFactoryBean.buildNativeEntityManagerFactory(AbstractEntityManagerFactoryBean.java:402) ~[spring-orm-5.0.8.RELEASE.jar:5.0.8.RELEASE]
	at org.springframework.orm.jpa.AbstractEntityManagerFactoryBean.afterPropertiesSet(AbstractEntityManagerFactoryBean.java:377) ~[spring-orm-5.0.8.RELEASE.jar:5.0.8.RELEASE]
	at org.springframework.orm.jpa.LocalContainerEntityManagerFactoryBean.afterPropertiesSet(LocalContainerEntityManagerFactoryBean.java:341) ~[spring-orm-5.0.8.RELEASE.jar:5.0.8.RELEASE]
	at org.springframework.beans.factory.support.AbstractAutowireCapableBeanFactory.invokeInitMethods(AbstractAutowireCapableBeanFactory.java:1758) ~[spring-beans-5.0.8.RELEASE.jar:5.0.8.RELEASE]
	at org.springframework.beans.factory.support.AbstractAutowireCapableBeanFactory.initializeBean(AbstractAutowireCapableBeanFactory.java:1695) ~[spring-beans-5.0.8.RELEASE.jar:5.0.8.RELEASE]
	... 16 common frames omitted
Caused by: org.hibernate.MappingException: Could not determine type for: java.util.List, at table: equiptment, for columns: [org.hibernate.mapping.Column(elements)]
	at org.hibernate.mapping.SimpleValue.getType(SimpleValue.java:456) ~[hibernate-core-5.2.17.Final.jar:5.2.17.Final]
	at org.hibernate.mapping.SimpleValue.isValid(SimpleValue.java:423) ~[hibernate-core-5.2.17.Final.jar:5.2.17.Final]
	at org.hibernate.mapping.Property.isValid(Property.java:226) ~[hibernate-core-5.2.17.Final.jar:5.2.17.Final]
	at org.hibernate.mapping.PersistentClass.validate(PersistentClass.java:597) ~[hibernate-core-5.2.17.Final.jar:5.2.17.Final]
	at org.hibernate.mapping.RootClass.validate(RootClass.java:265) ~[hibernate-core-5.2.17.Final.jar:5.2.17.Final]
	at org.hibernate.boot.internal.MetadataImpl.validate(MetadataImpl.java:329) ~[hibernate-core-5.2.17.Final.jar:5.2.17.Final]
	at org.hibernate.boot.internal.SessionFactoryBuilderImpl.build(SessionFactoryBuilderImpl.java:461) ~[hibernate-core-5.2.17.Final.jar:5.2.17.Final]
	at org.hibernate.jpa.boot.internal.EntityManagerFactoryBuilderImpl.build(EntityManagerFactoryBuilderImpl.java:892) ~[hibernate-core-5.2.17.Final.jar:5.2.17.Final]
	at org.springframework.orm.jpa.vendor.SpringHibernateJpaPersistenceProvider.createContainerEntityManagerFactory(SpringHibernateJpaPersistenceProvider.java:57) ~[spring-orm-5.0.8.RELEASE.jar:5.0.8.RELEASE]
	at org.springframework.orm.jpa.LocalContainerEntityManagerFactoryBean.createNativeEntityManagerFactory(LocalContainerEntityManagerFactoryBean.java:365) ~[spring-orm-5.0.8.RELEASE.jar:5.0.8.RELEASE]
	at org.springframework.orm.jpa.AbstractEntityManagerFactoryBean.buildNativeEntityManagerFactory(AbstractEntityManagerFactoryBean.java:390) ~[spring-orm-5.0.8.RELEASE.jar:5.0.8.RELEASE]
	... 20 common frames omitted

2018-09-08 16:38:24.418  INFO 7920 --- [main] c.r.monitoring.MonitoringApplication     : Starting MonitoringApplication on DESKTOP-P5AA2OM with PID 7920 (F:\ideaProject\monitoring\target\classes started by wangz in F:\ideaProject\monitoring)
2018-09-08 16:38:24.418  INFO 7920 --- [main] c.r.monitoring.MonitoringApplication     : No active profile set, falling back to default profiles: default
2018-09-08 16:38:24.481  INFO 7920 --- [main] ConfigServletWebServerApplicationContext : Refreshing org.springframework.boot.web.servlet.context.AnnotationConfigServletWebServerApplicationContext@22f31dec: startup date [Sat Sep 08 16:38:24 CST 2018]; root of context hierarchy
2018-09-08 16:38:26.128  INFO 7920 --- [main] trationDelegate$BeanPostProcessorChecker : Bean 'org.springframework.transaction.annotation.ProxyTransactionManagementConfiguration' of type [org.springframework.transaction.annotation.ProxyTransactionManagementConfiguration$$EnhancerBySpringCGLIB$$8aa19d5c] is not eligible for getting processed by all BeanPostProcessors (for example: not eligible for auto-proxying)
2018-09-08 16:38:26.613  INFO 7920 --- [main] o.s.b.w.embedded.tomcat.TomcatWebServer  : Tomcat initialized with port(s): 8080 (http)
2018-09-08 16:38:26.660  INFO 7920 --- [main] o.apache.catalina.core.StandardService   : Starting service [Tomcat]
2018-09-08 16:38:26.660  INFO 7920 --- [main] org.apache.catalina.core.StandardEngine  : Starting Servlet Engine: Apache Tomcat/8.5.32
2018-09-08 16:38:26.660  INFO 7920 --- [localhost-startStop-1] o.a.catalina.core.AprLifecycleListener   : The APR based Apache Tomcat Native library which allows optimal performance in production environments was not found on the java.library.path: [C:\Program Files\Java\jdk1.8.0_112\bin;C:\Windows\Sun\Java\bin;C:\Windows\system32;C:\Windows;G:\python\;G:\python\Scripts;D:\python\;D:\python\Scripts;C:\ProgramData\Oracle\Java\javapath;C:\Windows\system32;C:\Windows;C:\Windows\System32\Wbem;C:\Windows\System32\WindowsPowerShell\v1.0\;C:\Program Files\Java\jdk1.8.0_112\bin;C:\Program Files\Java\jdk1.8.0_112\jre\bin;?;C:\Program Files (x86)\GtkSharp\2.12\bin;D:\Git\cmd;C:\Users\wangz\AppData\Local\Microsoft\WindowsApps;;.]
2018-09-08 16:38:26.956  INFO 7920 --- [localhost-startStop-1] org.apache.jasper.servlet.TldScanner     : At least one JAR was scanned for TLDs yet contained no TLDs. Enable debug logging for this logger for a complete list of JARs that were scanned but no TLDs were found in them. Skipping unneeded JARs during scanning can improve startup time and JSP compilation time.
2018-09-08 16:38:26.972  INFO 7920 --- [localhost-startStop-1] o.a.c.c.C.[Tomcat].[localhost].[/]       : Initializing Spring embedded WebApplicationContext
2018-09-08 16:38:26.972  INFO 7920 --- [localhost-startStop-1] o.s.web.context.ContextLoader            : Root WebApplicationContext: initialization completed in 2491 ms
2018-09-08 16:38:28.103  INFO 7920 --- [localhost-startStop-1] o.s.b.w.servlet.FilterRegistrationBean   : Mapping filter: 'characterEncodingFilter' to: [/*]
2018-09-08 16:38:28.103  INFO 7920 --- [localhost-startStop-1] o.s.b.w.servlet.FilterRegistrationBean   : Mapping filter: 'webMvcMetricsFilter' to: [/*]
2018-09-08 16:38:28.103  INFO 7920 --- [localhost-startStop-1] o.s.b.w.servlet.FilterRegistrationBean   : Mapping filter: 'hiddenHttpMethodFilter' to: [/*]
2018-09-08 16:38:28.103  INFO 7920 --- [localhost-startStop-1] o.s.b.w.servlet.FilterRegistrationBean   : Mapping filter: 'httpPutFormContentFilter' to: [/*]
2018-09-08 16:38:28.103  INFO 7920 --- [localhost-startStop-1] o.s.b.w.servlet.FilterRegistrationBean   : Mapping filter: 'requestContextFilter' to: [/*]
2018-09-08 16:38:28.103  INFO 7920 --- [localhost-startStop-1] o.s.b.w.servlet.FilterRegistrationBean   : Mapping filter: 'httpTraceFilter' to: [/*]
2018-09-08 16:38:28.103  INFO 7920 --- [localhost-startStop-1] o.s.b.w.servlet.FilterRegistrationBean   : Mapping filter: 'webStatFilter' to urls: [/*]
2018-09-08 16:38:28.103  INFO 7920 --- [localhost-startStop-1] o.s.b.w.servlet.ServletRegistrationBean  : Servlet statViewServlet mapped to [/druid/*]
2018-09-08 16:38:28.103  INFO 7920 --- [localhost-startStop-1] o.s.b.w.servlet.ServletRegistrationBean  : Servlet dispatcherServlet mapped to [/]
2018-09-08 16:38:28.244  INFO 7920 --- [main] com.alibaba.druid.pool.DruidDataSource   : {dataSource-1} inited
2018-09-08 16:38:28.470  INFO 7920 --- [main] j.LocalContainerEntityManagerFactoryBean : Building JPA container EntityManagerFactory for persistence unit 'default'
2018-09-08 16:38:28.486  INFO 7920 --- [main] o.hibernate.jpa.internal.util.LogHelper  : HHH000204: Processing PersistenceUnitInfo [
	name: default
	...]
2018-09-08 16:38:28.564  INFO 7920 --- [main] org.hibernate.Version                    : HHH000412: Hibernate Core {5.2.17.Final}
2018-09-08 16:38:28.564  INFO 7920 --- [main] org.hibernate.cfg.Environment            : HHH000206: hibernate.properties not found
2018-09-08 16:38:28.611  INFO 7920 --- [main] o.hibernate.annotations.common.Version   : HCANN000001: Hibernate Commons Annotations {5.0.1.Final}
2018-09-08 16:38:28.751  INFO 7920 --- [main] org.hibernate.dialect.Dialect            : HHH000400: Using dialect: org.hibernate.dialect.MySQL5Dialect
2018-09-08 16:38:28.970  WARN 7920 --- [main] ConfigServletWebServerApplicationContext : Exception encountered during context initialization - cancelling refresh attempt: org.springframework.beans.factory.BeanCreationException: Error creating bean with name 'entityManagerFactory' defined in class path resource [org/springframework/boot/autoconfigure/orm/jpa/HibernateJpaConfiguration.class]: Invocation of init method failed; nested exception is javax.persistence.PersistenceException: [PersistenceUnit: default] Unable to build Hibernate SessionFactory; nested exception is org.hibernate.MappingException: Could not determine type for: java.util.List, at table: equiptment, for columns: [org.hibernate.mapping.Column(eqwarns)]
2018-09-08 16:38:28.986  INFO 7920 --- [main] com.alibaba.druid.pool.DruidDataSource   : {dataSource-1} closed
2018-09-08 16:38:28.986  INFO 7920 --- [main] o.apache.catalina.core.StandardService   : Stopping service [Tomcat]
2018-09-08 16:38:29.001  INFO 7920 --- [main] ConditionEvaluationReportLoggingListener : 

Error starting ApplicationContext. To display the conditions report re-run your application with 'debug' enabled.
2018-09-08 16:38:29.017 ERROR 7920 --- [main] o.s.boot.SpringApplication               : Application run failed

org.springframework.beans.factory.BeanCreationException: Error creating bean with name 'entityManagerFactory' defined in class path resource [org/springframework/boot/autoconfigure/orm/jpa/HibernateJpaConfiguration.class]: Invocation of init method failed; nested exception is javax.persistence.PersistenceException: [PersistenceUnit: default] Unable to build Hibernate SessionFactory; nested exception is org.hibernate.MappingException: Could not determine type for: java.util.List, at table: equiptment, for columns: [org.hibernate.mapping.Column(eqwarns)]
	at org.springframework.beans.factory.support.AbstractAutowireCapableBeanFactory.initializeBean(AbstractAutowireCapableBeanFactory.java:1699) ~[spring-beans-5.0.8.RELEASE.jar:5.0.8.RELEASE]
	at org.springframework.beans.factory.support.AbstractAutowireCapableBeanFactory.doCreateBean(AbstractAutowireCapableBeanFactory.java:573) ~[spring-beans-5.0.8.RELEASE.jar:5.0.8.RELEASE]
	at org.springframework.beans.factory.support.AbstractAutowireCapableBeanFactory.createBean(AbstractAutowireCapableBeanFactory.java:495) ~[spring-beans-5.0.8.RELEASE.jar:5.0.8.RELEASE]
	at org.springframework.beans.factory.support.AbstractBeanFactory.lambda$doGetBean$0(AbstractBeanFactory.java:317) ~[spring-beans-5.0.8.RELEASE.jar:5.0.8.RELEASE]
	at org.springframework.beans.factory.support.DefaultSingletonBeanRegistry.getSingleton(DefaultSingletonBeanRegistry.java:222) ~[spring-beans-5.0.8.RELEASE.jar:5.0.8.RELEASE]
	at org.springframework.beans.factory.support.AbstractBeanFactory.doGetBean(AbstractBeanFactory.java:315) ~[spring-beans-5.0.8.RELEASE.jar:5.0.8.RELEASE]
	at org.springframework.beans.factory.support.AbstractBeanFactory.getBean(AbstractBeanFactory.java:199) ~[spring-beans-5.0.8.RELEASE.jar:5.0.8.RELEASE]
	at org.springframework.context.support.AbstractApplicationContext.getBean(AbstractApplicationContext.java:1089) ~[spring-context-5.0.8.RELEASE.jar:5.0.8.RELEASE]
	at org.springframework.context.support.AbstractApplicationContext.finishBeanFactoryInitialization(AbstractApplicationContext.java:859) ~[spring-context-5.0.8.RELEASE.jar:5.0.8.RELEASE]
	at org.springframework.context.support.AbstractApplicationContext.refresh(AbstractApplicationContext.java:550) ~[spring-context-5.0.8.RELEASE.jar:5.0.8.RELEASE]
	at org.springframework.boot.web.servlet.context.ServletWebServerApplicationContext.refresh(ServletWebServerApplicationContext.java:140) ~[spring-boot-2.0.4.RELEASE.jar:2.0.4.RELEASE]
	at org.springframework.boot.SpringApplication.refresh(SpringApplication.java:762) [spring-boot-2.0.4.RELEASE.jar:2.0.4.RELEASE]
	at org.springframework.boot.SpringApplication.refreshContext(SpringApplication.java:398) [spring-boot-2.0.4.RELEASE.jar:2.0.4.RELEASE]
	at org.springframework.boot.SpringApplication.run(SpringApplication.java:330) [spring-boot-2.0.4.RELEASE.jar:2.0.4.RELEASE]
	at org.springframework.boot.SpringApplication.run(SpringApplication.java:1258) [spring-boot-2.0.4.RELEASE.jar:2.0.4.RELEASE]
	at org.springframework.boot.SpringApplication.run(SpringApplication.java:1246) [spring-boot-2.0.4.RELEASE.jar:2.0.4.RELEASE]
	at com.runcheck.monitoring.MonitoringApplication.main(MonitoringApplication.java:10) [classes/:na]
Caused by: javax.persistence.PersistenceException: [PersistenceUnit: default] Unable to build Hibernate SessionFactory; nested exception is org.hibernate.MappingException: Could not determine type for: java.util.List, at table: equiptment, for columns: [org.hibernate.mapping.Column(eqwarns)]
	at org.springframework.orm.jpa.AbstractEntityManagerFactoryBean.buildNativeEntityManagerFactory(AbstractEntityManagerFactoryBean.java:402) ~[spring-orm-5.0.8.RELEASE.jar:5.0.8.RELEASE]
	at org.springframework.orm.jpa.AbstractEntityManagerFactoryBean.afterPropertiesSet(AbstractEntityManagerFactoryBean.java:377) ~[spring-orm-5.0.8.RELEASE.jar:5.0.8.RELEASE]
	at org.springframework.orm.jpa.LocalContainerEntityManagerFactoryBean.afterPropertiesSet(LocalContainerEntityManagerFactoryBean.java:341) ~[spring-orm-5.0.8.RELEASE.jar:5.0.8.RELEASE]
	at org.springframework.beans.factory.support.AbstractAutowireCapableBeanFactory.invokeInitMethods(AbstractAutowireCapableBeanFactory.java:1758) ~[spring-beans-5.0.8.RELEASE.jar:5.0.8.RELEASE]
	at org.springframework.beans.factory.support.AbstractAutowireCapableBeanFactory.initializeBean(AbstractAutowireCapableBeanFactory.java:1695) ~[spring-beans-5.0.8.RELEASE.jar:5.0.8.RELEASE]
	... 16 common frames omitted
Caused by: org.hibernate.MappingException: Could not determine type for: java.util.List, at table: equiptment, for columns: [org.hibernate.mapping.Column(eqwarns)]
	at org.hibernate.mapping.SimpleValue.getType(SimpleValue.java:456) ~[hibernate-core-5.2.17.Final.jar:5.2.17.Final]
	at org.hibernate.mapping.SimpleValue.isValid(SimpleValue.java:423) ~[hibernate-core-5.2.17.Final.jar:5.2.17.Final]
	at org.hibernate.mapping.Property.isValid(Property.java:226) ~[hibernate-core-5.2.17.Final.jar:5.2.17.Final]
	at org.hibernate.mapping.PersistentClass.validate(PersistentClass.java:597) ~[hibernate-core-5.2.17.Final.jar:5.2.17.Final]
	at org.hibernate.mapping.RootClass.validate(RootClass.java:265) ~[hibernate-core-5.2.17.Final.jar:5.2.17.Final]
	at org.hibernate.boot.internal.MetadataImpl.validate(MetadataImpl.java:329) ~[hibernate-core-5.2.17.Final.jar:5.2.17.Final]
	at org.hibernate.boot.internal.SessionFactoryBuilderImpl.build(SessionFactoryBuilderImpl.java:461) ~[hibernate-core-5.2.17.Final.jar:5.2.17.Final]
	at org.hibernate.jpa.boot.internal.EntityManagerFactoryBuilderImpl.build(EntityManagerFactoryBuilderImpl.java:892) ~[hibernate-core-5.2.17.Final.jar:5.2.17.Final]
	at org.springframework.orm.jpa.vendor.SpringHibernateJpaPersistenceProvider.createContainerEntityManagerFactory(SpringHibernateJpaPersistenceProvider.java:57) ~[spring-orm-5.0.8.RELEASE.jar:5.0.8.RELEASE]
	at org.springframework.orm.jpa.LocalContainerEntityManagerFactoryBean.createNativeEntityManagerFactory(LocalContainerEntityManagerFactoryBean.java:365) ~[spring-orm-5.0.8.RELEASE.jar:5.0.8.RELEASE]
	at org.springframework.orm.jpa.AbstractEntityManagerFactoryBean.buildNativeEntityManagerFactory(AbstractEntityManagerFactoryBean.java:390) ~[spring-orm-5.0.8.RELEASE.jar:5.0.8.RELEASE]
	... 20 common frames omitted

2018-09-08 16:41:27.836  INFO 8356 --- [main] c.r.monitoring.MonitoringApplication     : Starting MonitoringApplication on DESKTOP-P5AA2OM with PID 8356 (F:\ideaProject\monitoring\target\classes started by wangz in F:\ideaProject\monitoring)
2018-09-08 16:41:27.852  INFO 8356 --- [main] c.r.monitoring.MonitoringApplication     : No active profile set, falling back to default profiles: default
2018-09-08 16:41:27.930  INFO 8356 --- [main] ConfigServletWebServerApplicationContext : Refreshing org.springframework.boot.web.servlet.context.AnnotationConfigServletWebServerApplicationContext@2250b9f2: startup date [Sat Sep 08 16:41:27 CST 2018]; root of context hierarchy
2018-09-08 16:41:29.673  INFO 8356 --- [main] trationDelegate$BeanPostProcessorChecker : Bean 'org.springframework.transaction.annotation.ProxyTransactionManagementConfiguration' of type [org.springframework.transaction.annotation.ProxyTransactionManagementConfiguration$$EnhancerBySpringCGLIB$$4c3d6a30] is not eligible for getting processed by all BeanPostProcessors (for example: not eligible for auto-proxying)
2018-09-08 16:41:30.173  INFO 8356 --- [main] o.s.b.w.embedded.tomcat.TomcatWebServer  : Tomcat initialized with port(s): 8080 (http)
2018-09-08 16:41:30.205  INFO 8356 --- [main] o.apache.catalina.core.StandardService   : Starting service [Tomcat]
2018-09-08 16:41:30.205  INFO 8356 --- [main] org.apache.catalina.core.StandardEngine  : Starting Servlet Engine: Apache Tomcat/8.5.32
2018-09-08 16:41:30.205  INFO 8356 --- [localhost-startStop-1] o.a.catalina.core.AprLifecycleListener   : The APR based Apache Tomcat Native library which allows optimal performance in production environments was not found on the java.library.path: [C:\Program Files\Java\jdk1.8.0_112\bin;C:\Windows\Sun\Java\bin;C:\Windows\system32;C:\Windows;G:\python\;G:\python\Scripts;D:\python\;D:\python\Scripts;C:\ProgramData\Oracle\Java\javapath;C:\Windows\system32;C:\Windows;C:\Windows\System32\Wbem;C:\Windows\System32\WindowsPowerShell\v1.0\;C:\Program Files\Java\jdk1.8.0_112\bin;C:\Program Files\Java\jdk1.8.0_112\jre\bin;?;C:\Program Files (x86)\GtkSharp\2.12\bin;D:\Git\cmd;C:\Users\wangz\AppData\Local\Microsoft\WindowsApps;;.]
2018-09-08 16:41:30.517  INFO 8356 --- [localhost-startStop-1] org.apache.jasper.servlet.TldScanner     : At least one JAR was scanned for TLDs yet contained no TLDs. Enable debug logging for this logger for a complete list of JARs that were scanned but no TLDs were found in them. Skipping unneeded JARs during scanning can improve startup time and JSP compilation time.
2018-09-08 16:41:30.517  INFO 8356 --- [localhost-startStop-1] o.a.c.c.C.[Tomcat].[localhost].[/]       : Initializing Spring embedded WebApplicationContext
2018-09-08 16:41:30.517  INFO 8356 --- [localhost-startStop-1] o.s.web.context.ContextLoader            : Root WebApplicationContext: initialization completed in 2587 ms
2018-09-08 16:41:31.698  INFO 8356 --- [localhost-startStop-1] o.s.b.w.servlet.FilterRegistrationBean   : Mapping filter: 'characterEncodingFilter' to: [/*]
2018-09-08 16:41:31.698  INFO 8356 --- [localhost-startStop-1] o.s.b.w.servlet.FilterRegistrationBean   : Mapping filter: 'webMvcMetricsFilter' to: [/*]
2018-09-08 16:41:31.698  INFO 8356 --- [localhost-startStop-1] o.s.b.w.servlet.FilterRegistrationBean   : Mapping filter: 'hiddenHttpMethodFilter' to: [/*]
2018-09-08 16:41:31.698  INFO 8356 --- [localhost-startStop-1] o.s.b.w.servlet.FilterRegistrationBean   : Mapping filter: 'httpPutFormContentFilter' to: [/*]
2018-09-08 16:41:31.698  INFO 8356 --- [localhost-startStop-1] o.s.b.w.servlet.FilterRegistrationBean   : Mapping filter: 'requestContextFilter' to: [/*]
2018-09-08 16:41:31.698  INFO 8356 --- [localhost-startStop-1] o.s.b.w.servlet.FilterRegistrationBean   : Mapping filter: 'httpTraceFilter' to: [/*]
2018-09-08 16:41:31.698  INFO 8356 --- [localhost-startStop-1] o.s.b.w.servlet.FilterRegistrationBean   : Mapping filter: 'webStatFilter' to urls: [/*]
2018-09-08 16:41:31.698  INFO 8356 --- [localhost-startStop-1] o.s.b.w.servlet.ServletRegistrationBean  : Servlet statViewServlet mapped to [/druid/*]
2018-09-08 16:41:31.698  INFO 8356 --- [localhost-startStop-1] o.s.b.w.servlet.ServletRegistrationBean  : Servlet dispatcherServlet mapped to [/]
2018-09-08 16:41:31.839  INFO 8356 --- [main] com.alibaba.druid.pool.DruidDataSource   : {dataSource-1} inited
2018-09-08 16:41:32.068  INFO 8356 --- [main] j.LocalContainerEntityManagerFactoryBean : Building JPA container EntityManagerFactory for persistence unit 'default'
2018-09-08 16:41:32.084  INFO 8356 --- [main] o.hibernate.jpa.internal.util.LogHelper  : HHH000204: Processing PersistenceUnitInfo [
	name: default
	...]
2018-09-08 16:41:32.162  INFO 8356 --- [main] org.hibernate.Version                    : HHH000412: Hibernate Core {5.2.17.Final}
2018-09-08 16:41:32.162  INFO 8356 --- [main] org.hibernate.cfg.Environment            : HHH000206: hibernate.properties not found
2018-09-08 16:41:32.209  INFO 8356 --- [main] o.hibernate.annotations.common.Version   : HCANN000001: Hibernate Commons Annotations {5.0.1.Final}
2018-09-08 16:41:32.349  INFO 8356 --- [main] org.hibernate.dialect.Dialect            : HHH000400: Using dialect: org.hibernate.dialect.MySQL5Dialect
2018-09-08 16:41:32.584  WARN 8356 --- [main] ConfigServletWebServerApplicationContext : Exception encountered during context initialization - cancelling refresh attempt: org.springframework.beans.factory.BeanCreationException: Error creating bean with name 'entityManagerFactory' defined in class path resource [org/springframework/boot/autoconfigure/orm/jpa/HibernateJpaConfiguration.class]: Invocation of init method failed; nested exception is javax.persistence.PersistenceException: [PersistenceUnit: default] Unable to build Hibernate SessionFactory; nested exception is org.hibernate.MappingException: Could not determine type for: com.runcheck.monitoring.entity.equipment.EquipmentwarnEntity, at table: elements, for columns: [org.hibernate.mapping.Column(equipent_warn)]
2018-09-08 16:41:32.584  INFO 8356 --- [main] com.alibaba.druid.pool.DruidDataSource   : {dataSource-1} closed
2018-09-08 16:41:32.584  INFO 8356 --- [main] o.apache.catalina.core.StandardService   : Stopping service [Tomcat]
2018-09-08 16:41:32.599  INFO 8356 --- [main] ConditionEvaluationReportLoggingListener : 

Error starting ApplicationContext. To display the conditions report re-run your application with 'debug' enabled.
2018-09-08 16:41:32.615 ERROR 8356 --- [main] o.s.boot.SpringApplication               : Application run failed

org.springframework.beans.factory.BeanCreationException: Error creating bean with name 'entityManagerFactory' defined in class path resource [org/springframework/boot/autoconfigure/orm/jpa/HibernateJpaConfiguration.class]: Invocation of init method failed; nested exception is javax.persistence.PersistenceException: [PersistenceUnit: default] Unable to build Hibernate SessionFactory; nested exception is org.hibernate.MappingException: Could not determine type for: com.runcheck.monitoring.entity.equipment.EquipmentwarnEntity, at table: elements, for columns: [org.hibernate.mapping.Column(equipent_warn)]
	at org.springframework.beans.factory.support.AbstractAutowireCapableBeanFactory.initializeBean(AbstractAutowireCapableBeanFactory.java:1699) ~[spring-beans-5.0.8.RELEASE.jar:5.0.8.RELEASE]
	at org.springframework.beans.factory.support.AbstractAutowireCapableBeanFactory.doCreateBean(AbstractAutowireCapableBeanFactory.java:573) ~[spring-beans-5.0.8.RELEASE.jar:5.0.8.RELEASE]
	at org.springframework.beans.factory.support.AbstractAutowireCapableBeanFactory.createBean(AbstractAutowireCapableBeanFactory.java:495) ~[spring-beans-5.0.8.RELEASE.jar:5.0.8.RELEASE]
	at org.springframework.beans.factory.support.AbstractBeanFactory.lambda$doGetBean$0(AbstractBeanFactory.java:317) ~[spring-beans-5.0.8.RELEASE.jar:5.0.8.RELEASE]
	at org.springframework.beans.factory.support.DefaultSingletonBeanRegistry.getSingleton(DefaultSingletonBeanRegistry.java:222) ~[spring-beans-5.0.8.RELEASE.jar:5.0.8.RELEASE]
	at org.springframework.beans.factory.support.AbstractBeanFactory.doGetBean(AbstractBeanFactory.java:315) ~[spring-beans-5.0.8.RELEASE.jar:5.0.8.RELEASE]
	at org.springframework.beans.factory.support.AbstractBeanFactory.getBean(AbstractBeanFactory.java:199) ~[spring-beans-5.0.8.RELEASE.jar:5.0.8.RELEASE]
	at org.springframework.context.support.AbstractApplicationContext.getBean(AbstractApplicationContext.java:1089) ~[spring-context-5.0.8.RELEASE.jar:5.0.8.RELEASE]
	at org.springframework.context.support.AbstractApplicationContext.finishBeanFactoryInitialization(AbstractApplicationContext.java:859) ~[spring-context-5.0.8.RELEASE.jar:5.0.8.RELEASE]
	at org.springframework.context.support.AbstractApplicationContext.refresh(AbstractApplicationContext.java:550) ~[spring-context-5.0.8.RELEASE.jar:5.0.8.RELEASE]
	at org.springframework.boot.web.servlet.context.ServletWebServerApplicationContext.refresh(ServletWebServerApplicationContext.java:140) ~[spring-boot-2.0.4.RELEASE.jar:2.0.4.RELEASE]
	at org.springframework.boot.SpringApplication.refresh(SpringApplication.java:762) [spring-boot-2.0.4.RELEASE.jar:2.0.4.RELEASE]
	at org.springframework.boot.SpringApplication.refreshContext(SpringApplication.java:398) [spring-boot-2.0.4.RELEASE.jar:2.0.4.RELEASE]
	at org.springframework.boot.SpringApplication.run(SpringApplication.java:330) [spring-boot-2.0.4.RELEASE.jar:2.0.4.RELEASE]
	at org.springframework.boot.SpringApplication.run(SpringApplication.java:1258) [spring-boot-2.0.4.RELEASE.jar:2.0.4.RELEASE]
	at org.springframework.boot.SpringApplication.run(SpringApplication.java:1246) [spring-boot-2.0.4.RELEASE.jar:2.0.4.RELEASE]
	at com.runcheck.monitoring.MonitoringApplication.main(MonitoringApplication.java:10) [classes/:na]
Caused by: javax.persistence.PersistenceException: [PersistenceUnit: default] Unable to build Hibernate SessionFactory; nested exception is org.hibernate.MappingException: Could not determine type for: com.runcheck.monitoring.entity.equipment.EquipmentwarnEntity, at table: elements, for columns: [org.hibernate.mapping.Column(equipent_warn)]
	at org.springframework.orm.jpa.AbstractEntityManagerFactoryBean.buildNativeEntityManagerFactory(AbstractEntityManagerFactoryBean.java:402) ~[spring-orm-5.0.8.RELEASE.jar:5.0.8.RELEASE]
	at org.springframework.orm.jpa.AbstractEntityManagerFactoryBean.afterPropertiesSet(AbstractEntityManagerFactoryBean.java:377) ~[spring-orm-5.0.8.RELEASE.jar:5.0.8.RELEASE]
	at org.springframework.orm.jpa.LocalContainerEntityManagerFactoryBean.afterPropertiesSet(LocalContainerEntityManagerFactoryBean.java:341) ~[spring-orm-5.0.8.RELEASE.jar:5.0.8.RELEASE]
	at org.springframework.beans.factory.support.AbstractAutowireCapableBeanFactory.invokeInitMethods(AbstractAutowireCapableBeanFactory.java:1758) ~[spring-beans-5.0.8.RELEASE.jar:5.0.8.RELEASE]
	at org.springframework.beans.factory.support.AbstractAutowireCapableBeanFactory.initializeBean(AbstractAutowireCapableBeanFactory.java:1695) ~[spring-beans-5.0.8.RELEASE.jar:5.0.8.RELEASE]
	... 16 common frames omitted
Caused by: org.hibernate.MappingException: Could not determine type for: com.runcheck.monitoring.entity.equipment.EquipmentwarnEntity, at table: elements, for columns: [org.hibernate.mapping.Column(equipent_warn)]
	at org.hibernate.mapping.SimpleValue.getType(SimpleValue.java:456) ~[hibernate-core-5.2.17.Final.jar:5.2.17.Final]
	at org.hibernate.mapping.SimpleValue.isValid(SimpleValue.java:423) ~[hibernate-core-5.2.17.Final.jar:5.2.17.Final]
	at org.hibernate.mapping.Property.isValid(Property.java:226) ~[hibernate-core-5.2.17.Final.jar:5.2.17.Final]
	at org.hibernate.mapping.PersistentClass.validate(PersistentClass.java:597) ~[hibernate-core-5.2.17.Final.jar:5.2.17.Final]
	at org.hibernate.mapping.RootClass.validate(RootClass.java:265) ~[hibernate-core-5.2.17.Final.jar:5.2.17.Final]
	at org.hibernate.boot.internal.MetadataImpl.validate(MetadataImpl.java:329) ~[hibernate-core-5.2.17.Final.jar:5.2.17.Final]
	at org.hibernate.boot.internal.SessionFactoryBuilderImpl.build(SessionFactoryBuilderImpl.java:461) ~[hibernate-core-5.2.17.Final.jar:5.2.17.Final]
	at org.hibernate.jpa.boot.internal.EntityManagerFactoryBuilderImpl.build(EntityManagerFactoryBuilderImpl.java:892) ~[hibernate-core-5.2.17.Final.jar:5.2.17.Final]
	at org.springframework.orm.jpa.vendor.SpringHibernateJpaPersistenceProvider.createContainerEntityManagerFactory(SpringHibernateJpaPersistenceProvider.java:57) ~[spring-orm-5.0.8.RELEASE.jar:5.0.8.RELEASE]
	at org.springframework.orm.jpa.LocalContainerEntityManagerFactoryBean.createNativeEntityManagerFactory(LocalContainerEntityManagerFactoryBean.java:365) ~[spring-orm-5.0.8.RELEASE.jar:5.0.8.RELEASE]
	at org.springframework.orm.jpa.AbstractEntityManagerFactoryBean.buildNativeEntityManagerFactory(AbstractEntityManagerFactoryBean.java:390) ~[spring-orm-5.0.8.RELEASE.jar:5.0.8.RELEASE]
	... 20 common frames omitted

2018-09-08 16:42:32.070  INFO 10012 --- [main] c.r.monitoring.MonitoringApplication     : Starting MonitoringApplication on DESKTOP-P5AA2OM with PID 10012 (F:\ideaProject\monitoring\target\classes started by wangz in F:\ideaProject\monitoring)
2018-09-08 16:42:32.070  INFO 10012 --- [main] c.r.monitoring.MonitoringApplication     : No active profile set, falling back to default profiles: default
2018-09-08 16:42:32.133  INFO 10012 --- [main] ConfigServletWebServerApplicationContext : Refreshing org.springframework.boot.web.servlet.context.AnnotationConfigServletWebServerApplicationContext@64bce832: startup date [Sat Sep 08 16:42:32 CST 2018]; root of context hierarchy
2018-09-08 16:42:33.720  INFO 10012 --- [main] trationDelegate$BeanPostProcessorChecker : Bean 'org.springframework.transaction.annotation.ProxyTransactionManagementConfiguration' of type [org.springframework.transaction.annotation.ProxyTransactionManagementConfiguration$$EnhancerBySpringCGLIB$$858296cf] is not eligible for getting processed by all BeanPostProcessors (for example: not eligible for auto-proxying)
2018-09-08 16:42:34.251  INFO 10012 --- [main] o.s.b.w.embedded.tomcat.TomcatWebServer  : Tomcat initialized with port(s): 8080 (http)
2018-09-08 16:42:34.282  INFO 10012 --- [main] o.apache.catalina.core.StandardService   : Starting service [Tomcat]
2018-09-08 16:42:34.282  INFO 10012 --- [main] org.apache.catalina.core.StandardEngine  : Starting Servlet Engine: Apache Tomcat/8.5.32
2018-09-08 16:42:34.282  INFO 10012 --- [localhost-startStop-1] o.a.catalina.core.AprLifecycleListener   : The APR based Apache Tomcat Native library which allows optimal performance in production environments was not found on the java.library.path: [C:\Program Files\Java\jdk1.8.0_112\bin;C:\Windows\Sun\Java\bin;C:\Windows\system32;C:\Windows;G:\python\;G:\python\Scripts;D:\python\;D:\python\Scripts;C:\ProgramData\Oracle\Java\javapath;C:\Windows\system32;C:\Windows;C:\Windows\System32\Wbem;C:\Windows\System32\WindowsPowerShell\v1.0\;C:\Program Files\Java\jdk1.8.0_112\bin;C:\Program Files\Java\jdk1.8.0_112\jre\bin;?;C:\Program Files (x86)\GtkSharp\2.12\bin;D:\Git\cmd;C:\Users\wangz\AppData\Local\Microsoft\WindowsApps;;.]
2018-09-08 16:42:34.613  INFO 10012 --- [localhost-startStop-1] org.apache.jasper.servlet.TldScanner     : At least one JAR was scanned for TLDs yet contained no TLDs. Enable debug logging for this logger for a complete list of JARs that were scanned but no TLDs were found in them. Skipping unneeded JARs during scanning can improve startup time and JSP compilation time.
2018-09-08 16:42:34.629  INFO 10012 --- [localhost-startStop-1] o.a.c.c.C.[Tomcat].[localhost].[/]       : Initializing Spring embedded WebApplicationContext
2018-09-08 16:42:34.629  INFO 10012 --- [localhost-startStop-1] o.s.web.context.ContextLoader            : Root WebApplicationContext: initialization completed in 2496 ms
2018-09-08 16:42:35.746  INFO 10012 --- [localhost-startStop-1] o.s.b.w.servlet.FilterRegistrationBean   : Mapping filter: 'characterEncodingFilter' to: [/*]
2018-09-08 16:42:35.746  INFO 10012 --- [localhost-startStop-1] o.s.b.w.servlet.FilterRegistrationBean   : Mapping filter: 'webMvcMetricsFilter' to: [/*]
2018-09-08 16:42:35.746  INFO 10012 --- [localhost-startStop-1] o.s.b.w.servlet.FilterRegistrationBean   : Mapping filter: 'hiddenHttpMethodFilter' to: [/*]
2018-09-08 16:42:35.746  INFO 10012 --- [localhost-startStop-1] o.s.b.w.servlet.FilterRegistrationBean   : Mapping filter: 'httpPutFormContentFilter' to: [/*]
2018-09-08 16:42:35.746  INFO 10012 --- [localhost-startStop-1] o.s.b.w.servlet.FilterRegistrationBean   : Mapping filter: 'requestContextFilter' to: [/*]
2018-09-08 16:42:35.746  INFO 10012 --- [localhost-startStop-1] o.s.b.w.servlet.FilterRegistrationBean   : Mapping filter: 'httpTraceFilter' to: [/*]
2018-09-08 16:42:35.746  INFO 10012 --- [localhost-startStop-1] o.s.b.w.servlet.FilterRegistrationBean   : Mapping filter: 'webStatFilter' to urls: [/*]
2018-09-08 16:42:35.746  INFO 10012 --- [localhost-startStop-1] o.s.b.w.servlet.ServletRegistrationBean  : Servlet statViewServlet mapped to [/druid/*]
2018-09-08 16:42:35.746  INFO 10012 --- [localhost-startStop-1] o.s.b.w.servlet.ServletRegistrationBean  : Servlet dispatcherServlet mapped to [/]
2018-09-08 16:42:35.886  INFO 10012 --- [main] com.alibaba.druid.pool.DruidDataSource   : {dataSource-1} inited
2018-09-08 16:42:36.105  INFO 10012 --- [main] j.LocalContainerEntityManagerFactoryBean : Building JPA container EntityManagerFactory for persistence unit 'default'
2018-09-08 16:42:36.121  INFO 10012 --- [main] o.hibernate.jpa.internal.util.LogHelper  : HHH000204: Processing PersistenceUnitInfo [
	name: default
	...]
2018-09-08 16:42:36.199  INFO 10012 --- [main] org.hibernate.Version                    : HHH000412: Hibernate Core {5.2.17.Final}
2018-09-08 16:42:36.199  INFO 10012 --- [main] org.hibernate.cfg.Environment            : HHH000206: hibernate.properties not found
2018-09-08 16:42:36.246  INFO 10012 --- [main] o.hibernate.annotations.common.Version   : HCANN000001: Hibernate Commons Annotations {5.0.1.Final}
2018-09-08 16:42:36.402  INFO 10012 --- [main] org.hibernate.dialect.Dialect            : HHH000400: Using dialect: org.hibernate.dialect.MySQL5Dialect
2018-09-08 16:42:36.621  WARN 10012 --- [main] ConfigServletWebServerApplicationContext : Exception encountered during context initialization - cancelling refresh attempt: org.springframework.beans.factory.BeanCreationException: Error creating bean with name 'entityManagerFactory' defined in class path resource [org/springframework/boot/autoconfigure/orm/jpa/HibernateJpaConfiguration.class]: Invocation of init method failed; nested exception is javax.persistence.PersistenceException: [PersistenceUnit: default] Unable to build Hibernate SessionFactory; nested exception is org.hibernate.MappingException: Could not determine type for: com.runcheck.monitoring.entity.equipment.EquipmentwarnEntity, at table: elements, for columns: [org.hibernate.mapping.Column(equipent_warn)]
2018-09-08 16:42:36.621  INFO 10012 --- [main] com.alibaba.druid.pool.DruidDataSource   : {dataSource-1} closed
2018-09-08 16:42:36.621  INFO 10012 --- [main] o.apache.catalina.core.StandardService   : Stopping service [Tomcat]
2018-09-08 16:42:36.637  INFO 10012 --- [main] ConditionEvaluationReportLoggingListener : 

Error starting ApplicationContext. To display the conditions report re-run your application with 'debug' enabled.
2018-09-08 16:42:36.652 ERROR 10012 --- [main] o.s.boot.SpringApplication               : Application run failed

org.springframework.beans.factory.BeanCreationException: Error creating bean with name 'entityManagerFactory' defined in class path resource [org/springframework/boot/autoconfigure/orm/jpa/HibernateJpaConfiguration.class]: Invocation of init method failed; nested exception is javax.persistence.PersistenceException: [PersistenceUnit: default] Unable to build Hibernate SessionFactory; nested exception is org.hibernate.MappingException: Could not determine type for: com.runcheck.monitoring.entity.equipment.EquipmentwarnEntity, at table: elements, for columns: [org.hibernate.mapping.Column(equipent_warn)]
	at org.springframework.beans.factory.support.AbstractAutowireCapableBeanFactory.initializeBean(AbstractAutowireCapableBeanFactory.java:1699) ~[spring-beans-5.0.8.RELEASE.jar:5.0.8.RELEASE]
	at org.springframework.beans.factory.support.AbstractAutowireCapableBeanFactory.doCreateBean(AbstractAutowireCapableBeanFactory.java:573) ~[spring-beans-5.0.8.RELEASE.jar:5.0.8.RELEASE]
	at org.springframework.beans.factory.support.AbstractAutowireCapableBeanFactory.createBean(AbstractAutowireCapableBeanFactory.java:495) ~[spring-beans-5.0.8.RELEASE.jar:5.0.8.RELEASE]
	at org.springframework.beans.factory.support.AbstractBeanFactory.lambda$doGetBean$0(AbstractBeanFactory.java:317) ~[spring-beans-5.0.8.RELEASE.jar:5.0.8.RELEASE]
	at org.springframework.beans.factory.support.DefaultSingletonBeanRegistry.getSingleton(DefaultSingletonBeanRegistry.java:222) ~[spring-beans-5.0.8.RELEASE.jar:5.0.8.RELEASE]
	at org.springframework.beans.factory.support.AbstractBeanFactory.doGetBean(AbstractBeanFactory.java:315) ~[spring-beans-5.0.8.RELEASE.jar:5.0.8.RELEASE]
	at org.springframework.beans.factory.support.AbstractBeanFactory.getBean(AbstractBeanFactory.java:199) ~[spring-beans-5.0.8.RELEASE.jar:5.0.8.RELEASE]
	at org.springframework.context.support.AbstractApplicationContext.getBean(AbstractApplicationContext.java:1089) ~[spring-context-5.0.8.RELEASE.jar:5.0.8.RELEASE]
	at org.springframework.context.support.AbstractApplicationContext.finishBeanFactoryInitialization(AbstractApplicationContext.java:859) ~[spring-context-5.0.8.RELEASE.jar:5.0.8.RELEASE]
	at org.springframework.context.support.AbstractApplicationContext.refresh(AbstractApplicationContext.java:550) ~[spring-context-5.0.8.RELEASE.jar:5.0.8.RELEASE]
	at org.springframework.boot.web.servlet.context.ServletWebServerApplicationContext.refresh(ServletWebServerApplicationContext.java:140) ~[spring-boot-2.0.4.RELEASE.jar:2.0.4.RELEASE]
	at org.springframework.boot.SpringApplication.refresh(SpringApplication.java:762) [spring-boot-2.0.4.RELEASE.jar:2.0.4.RELEASE]
	at org.springframework.boot.SpringApplication.refreshContext(SpringApplication.java:398) [spring-boot-2.0.4.RELEASE.jar:2.0.4.RELEASE]
	at org.springframework.boot.SpringApplication.run(SpringApplication.java:330) [spring-boot-2.0.4.RELEASE.jar:2.0.4.RELEASE]
	at org.springframework.boot.SpringApplication.run(SpringApplication.java:1258) [spring-boot-2.0.4.RELEASE.jar:2.0.4.RELEASE]
	at org.springframework.boot.SpringApplication.run(SpringApplication.java:1246) [spring-boot-2.0.4.RELEASE.jar:2.0.4.RELEASE]
	at com.runcheck.monitoring.MonitoringApplication.main(MonitoringApplication.java:10) [classes/:na]
Caused by: javax.persistence.PersistenceException: [PersistenceUnit: default] Unable to build Hibernate SessionFactory; nested exception is org.hibernate.MappingException: Could not determine type for: com.runcheck.monitoring.entity.equipment.EquipmentwarnEntity, at table: elements, for columns: [org.hibernate.mapping.Column(equipent_warn)]
	at org.springframework.orm.jpa.AbstractEntityManagerFactoryBean.buildNativeEntityManagerFactory(AbstractEntityManagerFactoryBean.java:402) ~[spring-orm-5.0.8.RELEASE.jar:5.0.8.RELEASE]
	at org.springframework.orm.jpa.AbstractEntityManagerFactoryBean.afterPropertiesSet(AbstractEntityManagerFactoryBean.java:377) ~[spring-orm-5.0.8.RELEASE.jar:5.0.8.RELEASE]
	at org.springframework.orm.jpa.LocalContainerEntityManagerFactoryBean.afterPropertiesSet(LocalContainerEntityManagerFactoryBean.java:341) ~[spring-orm-5.0.8.RELEASE.jar:5.0.8.RELEASE]
	at org.springframework.beans.factory.support.AbstractAutowireCapableBeanFactory.invokeInitMethods(AbstractAutowireCapableBeanFactory.java:1758) ~[spring-beans-5.0.8.RELEASE.jar:5.0.8.RELEASE]
	at org.springframework.beans.factory.support.AbstractAutowireCapableBeanFactory.initializeBean(AbstractAutowireCapableBeanFactory.java:1695) ~[spring-beans-5.0.8.RELEASE.jar:5.0.8.RELEASE]
	... 16 common frames omitted
Caused by: org.hibernate.MappingException: Could not determine type for: com.runcheck.monitoring.entity.equipment.EquipmentwarnEntity, at table: elements, for columns: [org.hibernate.mapping.Column(equipent_warn)]
	at org.hibernate.mapping.SimpleValue.getType(SimpleValue.java:456) ~[hibernate-core-5.2.17.Final.jar:5.2.17.Final]
	at org.hibernate.mapping.SimpleValue.isValid(SimpleValue.java:423) ~[hibernate-core-5.2.17.Final.jar:5.2.17.Final]
	at org.hibernate.mapping.Property.isValid(Property.java:226) ~[hibernate-core-5.2.17.Final.jar:5.2.17.Final]
	at org.hibernate.mapping.PersistentClass.validate(PersistentClass.java:597) ~[hibernate-core-5.2.17.Final.jar:5.2.17.Final]
	at org.hibernate.mapping.RootClass.validate(RootClass.java:265) ~[hibernate-core-5.2.17.Final.jar:5.2.17.Final]
	at org.hibernate.boot.internal.MetadataImpl.validate(MetadataImpl.java:329) ~[hibernate-core-5.2.17.Final.jar:5.2.17.Final]
	at org.hibernate.boot.internal.SessionFactoryBuilderImpl.build(SessionFactoryBuilderImpl.java:461) ~[hibernate-core-5.2.17.Final.jar:5.2.17.Final]
	at org.hibernate.jpa.boot.internal.EntityManagerFactoryBuilderImpl.build(EntityManagerFactoryBuilderImpl.java:892) ~[hibernate-core-5.2.17.Final.jar:5.2.17.Final]
	at org.springframework.orm.jpa.vendor.SpringHibernateJpaPersistenceProvider.createContainerEntityManagerFactory(SpringHibernateJpaPersistenceProvider.java:57) ~[spring-orm-5.0.8.RELEASE.jar:5.0.8.RELEASE]
	at org.springframework.orm.jpa.LocalContainerEntityManagerFactoryBean.createNativeEntityManagerFactory(LocalContainerEntityManagerFactoryBean.java:365) ~[spring-orm-5.0.8.RELEASE.jar:5.0.8.RELEASE]
	at org.springframework.orm.jpa.AbstractEntityManagerFactoryBean.buildNativeEntityManagerFactory(AbstractEntityManagerFactoryBean.java:390) ~[spring-orm-5.0.8.RELEASE.jar:5.0.8.RELEASE]
	... 20 common frames omitted

